<?xml version="1.0" encoding="UTF-8"?>
<!-- Generated by org.testng.reporters.JUnitXMLReporter -->
<testsuite ignored="3" hostname="EC2AMAZ-S11DBRH" failures="0" tests="1" name="Default test" time="0.093" errors="0" timestamp="2023-08-19T03:16:24 GMT">
  <testcase classname="testScripts.SampleTest3" name="testTwo" time="0.019"/>
  <testcase classname="testScripts.SampleTest3" name="testOne" time="0.0">
    <ignored/>
  </testcase> <!-- testOne -->
  <testcase classname="testScripts.SampleTest3" name="testFour" time="0.0">
    <ignored/>
  </testcase> <!-- testFour -->
  <testcase classname="testScripts.SampleTest3" name="testThree" time="0.0">
    <ignored/>
  </testcase> <!-- testThree -->
</testsuite> <!-- Default test -->
