<?xml version="1.0" encoding="UTF-8"?>
<!-- Generated by org.testng.reporters.JUnitXMLReporter -->
<testsuite ignored="1" hostname="EC2AMAZ-S11DBRH" failures="1" tests="1" name="ModuleOneTest(failed)" time="9.706" errors="0" timestamp="2023-08-19T01:56:43 GMT">
  <testcase classname="testScripts.GoogleSearch" name="searchSelenium" time="3.514">
    <failure type="java.lang.AssertionError" message="expected [selenium Tutorials - Google Search] but found [Selenium Tutorials - Google Search]">
      <![CDATA[java.lang.AssertionError: expected [selenium Tutorials - Google Search] but found [Selenium Tutorials - Google Search]
at testScripts.GoogleSearch.searchSelenium(GoogleSearch.java:43)
at java.base/java.util.ArrayList.forEach(ArrayList.java:1511)
... Removed 33 stack frames]]>
    </failure>
  </testcase> <!-- searchSelenium -->
  <testcase classname="testScripts.GoogleSearch" name="searchJava" time="0.0">
    <ignored/>
  </testcase> <!-- searchJava -->
</testsuite> <!-- ModuleOneTest(failed) -->
