<?xml version="1.0" encoding="UTF-8"?>
<!-- Generated by org.testng.reporters.JUnitXMLReporter -->
<testsuite ignored="0" hostname="EC2AMAZ-S11DBRH" failures="0" tests="3" name="ModuleOneTest" time="22.492" errors="0" timestamp="2023-08-18T15:25:39 GMT">
  <testcase classname="testScripts.GoogleSearch" name="searchJava" time="3.206"/>
  <testcase classname="testScripts.GoogleSearch" name="searchSelenium" time="3.073"/>
  <testcase classname="testScripts.SampleTest1" name="searchCypress" time="5.412"/>
</testsuite> <!-- ModuleOneTest -->
