<?xml version="1.0" encoding="UTF-8"?>
<!-- Generated by org.testng.reporters.JUnitXMLReporter -->
<testsuite ignored="4" hostname="EC2AMAZ-S11DBRH" failures="0" tests="4" name="ModuleOneTest" time="0.126" errors="0" timestamp="2023-08-19T03:33:53 GMT">
  <testcase classname="testScripts.SampleTest3" name="testOne" time="0.017"/>
  <testcase classname="testScripts.SampleTest3" name="testThree" time="0.004"/>
  <testcase classname="testScripts.SampleTest4" name="testThree" time="0.002"/>
  <testcase classname="testScripts.SampleTest4" name="testTwo" time="0.002"/>
  <testcase classname="testScripts.SampleTest3" name="testFour" time="0.0">
    <ignored/>
  </testcase> <!-- testFour -->
  <testcase classname="testScripts.SampleTest3" name="testTwo" time="0.0">
    <ignored/>
  </testcase> <!-- testTwo -->
  <testcase classname="testScripts.SampleTest4" name="testFour" time="0.0">
    <ignored/>
  </testcase> <!-- testFour -->
  <testcase classname="testScripts.SampleTest4" name="testOne" time="0.0">
    <ignored/>
  </testcase> <!-- testOne -->
</testsuite> <!-- ModuleOneTest -->
