<?xml version="1.0" encoding="UTF-8"?>
<!-- Generated by org.testng.reporters.JUnitXMLReporter -->
<testsuite ignored="0" hostname="EC2AMAZ-S11DBRH" failures="0" tests="4" name="ModuleTwoTest" time="0.094" errors="0" timestamp="2023-08-20T05:14:24 GMT">
  <testcase classname="parallelScripts.SampleTest4" name="testFour" time="0.011"/>
  <testcase classname="parallelScripts.SampleTest4" name="testOne" time="0.003"/>
  <testcase classname="parallelScripts.SampleTest4" name="testThree" time="0.005"/>
  <testcase classname="parallelScripts.SampleTest4" name="testTwo" time="0.01"/>
</testsuite> <!-- ModuleTwoTest -->
