<?xml version="1.0" encoding="UTF-8"?>
<testng-results ignored="4" total="8" passed="4" failed="0" skipped="0">
  <reporter-output>
  </reporter-output>
  <suite started-at="2023-08-19T03:33:53 GMT" name="SampleSuite" finished-at="2023-08-19T03:33:53 GMT" duration-ms="126">
    <groups>
      <group name="feature3">
        <method signature="SampleTest3.testThree()[pri:0, instance:testScripts.SampleTest3@2805d709]" name="testThree" class="testScripts.SampleTest3"/>
        <method signature="SampleTest4.testThree()[pri:0, instance:testScripts.SampleTest4@550dbc7a]" name="testThree" class="testScripts.SampleTest4"/>
      </group> <!-- feature3 -->
      <group name="feature1">
        <method signature="SampleTest3.testOne()[pri:0, instance:testScripts.SampleTest3@2805d709]" name="testOne" class="testScripts.SampleTest3"/>
        <method signature="SampleTest4.testTwo()[pri:0, instance:testScripts.SampleTest4@550dbc7a]" name="testTwo" class="testScripts.SampleTest4"/>
      </group> <!-- feature1 -->
    </groups>
    <test started-at="2023-08-19T03:33:53 GMT" name="ModuleOneTest" finished-at="2023-08-19T03:33:53 GMT" duration-ms="126">
      <class name="testScripts.SampleTest3">
        <test-method signature="testOne()[pri:0, instance:testScripts.SampleTest3@2805d709]" started-at="2023-08-19T03:33:53 GMT" name="testOne" finished-at="2023-08-19T03:33:53 GMT" duration-ms="17" status="PASS">
          <reporter-output>
          </reporter-output>
        </test-method> <!-- testOne -->
        <test-method signature="testThree()[pri:0, instance:testScripts.SampleTest3@2805d709]" started-at="2023-08-19T03:33:53 GMT" name="testThree" finished-at="2023-08-19T03:33:53 GMT" duration-ms="4" status="PASS">
          <reporter-output>
          </reporter-output>
        </test-method> <!-- testThree -->
      </class> <!-- testScripts.SampleTest3 -->
      <class name="testScripts.SampleTest4">
        <test-method signature="testThree()[pri:0, instance:testScripts.SampleTest4@550dbc7a]" started-at="2023-08-19T03:33:53 GMT" name="testThree" finished-at="2023-08-19T03:33:53 GMT" duration-ms="2" status="PASS">
          <reporter-output>
          </reporter-output>
        </test-method> <!-- testThree -->
        <test-method signature="testTwo()[pri:0, instance:testScripts.SampleTest4@550dbc7a]" started-at="2023-08-19T03:33:53 GMT" name="testTwo" finished-at="2023-08-19T03:33:53 GMT" duration-ms="2" status="PASS">
          <reporter-output>
          </reporter-output>
        </test-method> <!-- testTwo -->
      </class> <!-- testScripts.SampleTest4 -->
    </test> <!-- ModuleOneTest -->
  </suite> <!-- SampleSuite -->
</testng-results>
