<?xml version="1.0" encoding="UTF-8"?>
<testng-results ignored="0" total="3" passed="3" failed="0" skipped="0">
  <reporter-output>
  </reporter-output>
  <suite started-at="2023-08-18T15:25:17 GMT" name="SampleSuite" finished-at="2023-08-18T15:25:39 GMT" duration-ms="22492">
    <groups>
    </groups>
    <test started-at="2023-08-18T15:25:17 GMT" name="ModuleOneTest" finished-at="2023-08-18T15:25:39 GMT" duration-ms="22492">
      <class name="testScripts.SampleTest1">
        <test-method signature="searchCypress()[pri:0, instance:testScripts.SampleTest1@73e9cf30]" started-at="2023-08-18T15:25:34 GMT" name="searchCypress" finished-at="2023-08-18T15:25:39 GMT" duration-ms="5412" status="PASS">
          <reporter-output>
          </reporter-output>
        </test-method> <!-- searchCypress -->
      </class> <!-- testScripts.SampleTest1 -->
      <class name="testScripts.GoogleSearch">
        <test-method is-config="true" signature="launchGoogle()[pri:0, instance:testScripts.GoogleSearch@4803b726]" started-at="2023-08-18T15:25:17 GMT" name="launchGoogle" finished-at="2023-08-18T15:25:21 GMT" duration-ms="4128" status="PASS">
          <reporter-output>
          </reporter-output>
        </test-method> <!-- launchGoogle -->
        <test-method signature="searchJava()[pri:0, instance:testScripts.GoogleSearch@4803b726]" started-at="2023-08-18T15:25:21 GMT" name="searchJava" finished-at="2023-08-18T15:25:24 GMT" duration-ms="3206" status="PASS">
          <reporter-output>
          </reporter-output>
        </test-method> <!-- searchJava -->
        <test-method is-config="true" signature="tearDown()[pri:0, instance:testScripts.GoogleSearch@4803b726]" started-at="2023-08-18T15:25:24 GMT" name="tearDown" finished-at="2023-08-18T15:25:26 GMT" duration-ms="2123" status="PASS">
          <reporter-output>
          </reporter-output>
        </test-method> <!-- tearDown -->
        <test-method is-config="true" signature="launchGoogle()[pri:0, instance:testScripts.GoogleSearch@4803b726]" started-at="2023-08-18T15:25:26 GMT" name="launchGoogle" finished-at="2023-08-18T15:25:29 GMT" duration-ms="2388" status="PASS">
          <reporter-output>
          </reporter-output>
        </test-method> <!-- launchGoogle -->
        <test-method signature="searchSelenium()[pri:0, instance:testScripts.GoogleSearch@4803b726]" started-at="2023-08-18T15:25:29 GMT" name="searchSelenium" finished-at="2023-08-18T15:25:32 GMT" duration-ms="3073" status="PASS">
          <reporter-output>
          </reporter-output>
        </test-method> <!-- searchSelenium -->
        <test-method is-config="true" signature="tearDown()[pri:0, instance:testScripts.GoogleSearch@4803b726]" started-at="2023-08-18T15:25:32 GMT" name="tearDown" finished-at="2023-08-18T15:25:34 GMT" duration-ms="2082" status="PASS">
          <reporter-output>
          </reporter-output>
        </test-method> <!-- tearDown -->
      </class> <!-- testScripts.GoogleSearch -->
    </test> <!-- ModuleOneTest -->
  </suite> <!-- SampleSuite -->
</testng-results>
